===== RUNNING SIMULATION =====
Mask policy not implemented and SHN not issued

===== STATISTICS =====
Infected population: 11
Total Population: 19
===== SIMULATION COMPLETED =====

===== RUNNING SIMULATION =====
Mask policy not implemented and SHN issued

===== STATISTICS =====
Infected population: 6
Total Population: 19
===== SIMULATION COMPLETED =====

===== RUNNING SIMULATION =====
Mask policy implemented and SHN not issued

===== STATISTICS =====
Infected population: 7
Total Population: 19
===== SIMULATION COMPLETED =====

===== RUNNING SIMULATION =====
Mask policy implemented and SHN issued

===== STATISTICS =====
Infected population: 4
Total Population: 19
===== SIMULATION COMPLETED =====

